{"/home/anarragan/Documentos/simulacro_NodeJS/src/producto/producto.services.ts": {"path":"/home/anarragan/Documentos/simulacro_NodeJS/src/producto/producto.services.ts","all":false,"statementMap":{"0":{"start":{"line":1,"column":0},"end":{"line":1,"column":110}},"1":{"start":{"line":2,"column":0},"end":{"line":2,"column":31}},"2":{"start":{"line":3,"column":0},"end":{"line":3,"column":0}},"3":{"start":{"line":4,"column":0},"end":{"line":4,"column":44}},"4":{"start":{"line":5,"column":0},"end":{"line":5,"column":47}},"5":{"start":{"line":6,"column":0},"end":{"line":6,"column":21}},"6":{"start":{"line":7,"column":0},"end":{"line":7,"column":2}},"7":{"start":{"line":8,"column":0},"end":{"line":8,"column":0}},"8":{"start":{"line":9,"column":0},"end":{"line":9,"column":54}},"9":{"start":{"line":10,"column":0},"end":{"line":10,"column":51}},"10":{"start":{"line":11,"column":0},"end":{"line":11,"column":22}},"11":{"start":{"line":12,"column":0},"end":{"line":12,"column":2}},"12":{"start":{"line":13,"column":0},"end":{"line":13,"column":0}},"13":{"start":{"line":14,"column":0},"end":{"line":14,"column":69}},"14":{"start":{"line":15,"column":0},"end":{"line":15,"column":7}},"15":{"start":{"line":16,"column":0},"end":{"line":16,"column":46}},"16":{"start":{"line":17,"column":0},"end":{"line":17,"column":14}},"17":{"start":{"line":18,"column":0},"end":{"line":18,"column":20}},"18":{"start":{"line":19,"column":0},"end":{"line":19,"column":38}},"19":{"start":{"line":20,"column":0},"end":{"line":20,"column":10}},"20":{"start":{"line":21,"column":0},"end":{"line":21,"column":8}},"21":{"start":{"line":22,"column":0},"end":{"line":22,"column":7}},"22":{"start":{"line":23,"column":0},"end":{"line":23,"column":21}},"23":{"start":{"line":24,"column":0},"end":{"line":24,"column":19}},"24":{"start":{"line":25,"column":0},"end":{"line":25,"column":33}},"25":{"start":{"line":26,"column":0},"end":{"line":26,"column":81}},"26":{"start":{"line":27,"column":0},"end":{"line":27,"column":5}},"27":{"start":{"line":28,"column":0},"end":{"line":28,"column":76}},"28":{"start":{"line":29,"column":0},"end":{"line":29,"column":3}},"29":{"start":{"line":30,"column":0},"end":{"line":30,"column":2}},"30":{"start":{"line":31,"column":0},"end":{"line":31,"column":0}},"31":{"start":{"line":32,"column":0},"end":{"line":32,"column":83}},"32":{"start":{"line":33,"column":0},"end":{"line":33,"column":58}},"33":{"start":{"line":34,"column":0},"end":{"line":34,"column":21}},"34":{"start":{"line":35,"column":0},"end":{"line":35,"column":2}},"35":{"start":{"line":36,"column":0},"end":{"line":36,"column":0}},"36":{"start":{"line":37,"column":0},"end":{"line":37,"column":96}},"37":{"start":{"line":38,"column":0},"end":{"line":38,"column":66}},"38":{"start":{"line":39,"column":0},"end":{"line":39,"column":2}},"39":{"start":{"line":40,"column":0},"end":{"line":40,"column":0}},"40":{"start":{"line":41,"column":0},"end":{"line":41,"column":53}},"41":{"start":{"line":42,"column":0},"end":{"line":42,"column":42}},"42":{"start":{"line":43,"column":0},"end":{"line":43,"column":19}},"43":{"start":{"line":44,"column":0},"end":{"line":44,"column":5}},"44":{"start":{"line":45,"column":0},"end":{"line":45,"column":17}},"45":{"start":{"line":46,"column":0},"end":{"line":46,"column":2}}},"s":{"0":1,"1":1,"2":1,"3":1,"4":1,"5":1,"6":1,"7":1,"8":1,"9":1,"10":1,"11":1,"12":1,"13":1,"14":1,"15":1,"16":1,"17":1,"18":1,"19":1,"20":1,"21":1,"22":1,"23":1,"24":0,"25":0,"26":0,"27":0,"28":0,"29":1,"30":1,"31":1,"32":1,"33":1,"34":1,"35":1,"36":1,"37":1,"38":1,"39":1,"40":1,"41":1,"42":1,"43":1,"44":1,"45":1},"branchMap":{"0":{"type":"branch","line":4,"loc":{"start":{"line":4,"column":31},"end":{"line":7,"column":2}},"locations":[{"start":{"line":4,"column":31},"end":{"line":7,"column":2}}]},"1":{"type":"branch","line":9,"loc":{"start":{"line":9,"column":31},"end":{"line":12,"column":2}},"locations":[{"start":{"line":9,"column":31},"end":{"line":12,"column":2}}]},"2":{"type":"branch","line":14,"loc":{"start":{"line":14,"column":39},"end":{"line":30,"column":2}},"locations":[{"start":{"line":14,"column":39},"end":{"line":30,"column":2}}]},"3":{"type":"branch","line":24,"loc":{"start":{"line":24,"column":4},"end":{"line":29,"column":3}},"locations":[{"start":{"line":24,"column":4},"end":{"line":29,"column":3}}]},"4":{"type":"branch","line":32,"loc":{"start":{"line":32,"column":30},"end":{"line":35,"column":2}},"locations":[{"start":{"line":32,"column":30},"end":{"line":35,"column":2}}]},"5":{"type":"branch","line":37,"loc":{"start":{"line":37,"column":30},"end":{"line":39,"column":2}},"locations":[{"start":{"line":37,"column":30},"end":{"line":39,"column":2}}]},"6":{"type":"branch","line":41,"loc":{"start":{"line":41,"column":30},"end":{"line":46,"column":2}},"locations":[{"start":{"line":41,"column":30},"end":{"line":46,"column":2}}]}},"b":{"0":[1],"1":[1],"2":[1],"3":[0],"4":[1],"5":[1],"6":[1]},"fnMap":{"0":{"name":"getAllProductos","decl":{"start":{"line":4,"column":31},"end":{"line":7,"column":2}},"loc":{"start":{"line":4,"column":31},"end":{"line":7,"column":2}},"line":4},"1":{"name":"getProductoById","decl":{"start":{"line":9,"column":31},"end":{"line":12,"column":2}},"loc":{"start":{"line":9,"column":31},"end":{"line":12,"column":2}},"line":9},"2":{"name":"getProductosByCategoria","decl":{"start":{"line":14,"column":39},"end":{"line":30,"column":2}},"loc":{"start":{"line":14,"column":39},"end":{"line":30,"column":2}},"line":14},"3":{"name":"createProducto","decl":{"start":{"line":32,"column":30},"end":{"line":35,"column":2}},"loc":{"start":{"line":32,"column":30},"end":{"line":35,"column":2}},"line":32},"4":{"name":"updateProducto","decl":{"start":{"line":37,"column":30},"end":{"line":39,"column":2}},"loc":{"start":{"line":37,"column":30},"end":{"line":39,"column":2}},"line":37},"5":{"name":"deleteProducto","decl":{"start":{"line":41,"column":30},"end":{"line":46,"column":2}},"loc":{"start":{"line":41,"column":30},"end":{"line":46,"column":2}},"line":41}},"f":{"0":1,"1":1,"2":1,"3":1,"4":1,"5":1}}
,"/home/anarragan/Documentos/simulacro_NodeJS/src/usuario/usuario.services.ts": {"path":"/home/anarragan/Documentos/simulacro_NodeJS/src/usuario/usuario.services.ts","all":false,"statementMap":{"0":{"start":{"line":1,"column":0},"end":{"line":1,"column":107}},"1":{"start":{"line":2,"column":0},"end":{"line":2,"column":0}},"2":{"start":{"line":3,"column":0},"end":{"line":3,"column":43}},"3":{"start":{"line":4,"column":0},"end":{"line":4,"column":43}},"4":{"start":{"line":5,"column":0},"end":{"line":5,"column":18}},"5":{"start":{"line":6,"column":0},"end":{"line":6,"column":2}},"6":{"start":{"line":7,"column":0},"end":{"line":7,"column":0}},"7":{"start":{"line":8,"column":0},"end":{"line":8,"column":53}},"8":{"start":{"line":9,"column":0},"end":{"line":9,"column":49}},"9":{"start":{"line":10,"column":0},"end":{"line":10,"column":21}},"10":{"start":{"line":11,"column":0},"end":{"line":11,"column":2}},"11":{"start":{"line":12,"column":0},"end":{"line":12,"column":0}},"12":{"start":{"line":13,"column":0},"end":{"line":13,"column":80}},"13":{"start":{"line":14,"column":0},"end":{"line":14,"column":55}},"14":{"start":{"line":15,"column":0},"end":{"line":15,"column":20}},"15":{"start":{"line":16,"column":0},"end":{"line":16,"column":2}},"16":{"start":{"line":17,"column":0},"end":{"line":17,"column":0}},"17":{"start":{"line":18,"column":0},"end":{"line":18,"column":93}},"18":{"start":{"line":19,"column":0},"end":{"line":19,"column":62}},"19":{"start":{"line":20,"column":0},"end":{"line":20,"column":2}},"20":{"start":{"line":21,"column":0},"end":{"line":21,"column":0}},"21":{"start":{"line":22,"column":0},"end":{"line":22,"column":52}},"22":{"start":{"line":23,"column":0},"end":{"line":23,"column":52}},"23":{"start":{"line":24,"column":0},"end":{"line":24,"column":2}}},"s":{"0":1,"1":1,"2":1,"3":1,"4":1,"5":1,"6":1,"7":1,"8":1,"9":1,"10":1,"11":1,"12":1,"13":1,"14":1,"15":1,"16":1,"17":1,"18":1,"19":1,"20":1,"21":1,"22":1,"23":1},"branchMap":{"0":{"type":"branch","line":3,"loc":{"start":{"line":3,"column":30},"end":{"line":6,"column":2}},"locations":[{"start":{"line":3,"column":30},"end":{"line":6,"column":2}}]},"1":{"type":"branch","line":8,"loc":{"start":{"line":8,"column":30},"end":{"line":11,"column":2}},"locations":[{"start":{"line":8,"column":30},"end":{"line":11,"column":2}}]},"2":{"type":"branch","line":13,"loc":{"start":{"line":13,"column":29},"end":{"line":16,"column":2}},"locations":[{"start":{"line":13,"column":29},"end":{"line":16,"column":2}}]},"3":{"type":"branch","line":18,"loc":{"start":{"line":18,"column":29},"end":{"line":20,"column":2}},"locations":[{"start":{"line":18,"column":29},"end":{"line":20,"column":2}}]},"4":{"type":"branch","line":22,"loc":{"start":{"line":22,"column":29},"end":{"line":24,"column":2}},"locations":[{"start":{"line":22,"column":29},"end":{"line":24,"column":2}}]}},"b":{"0":[1],"1":[1],"2":[1],"3":[1],"4":[1]},"fnMap":{"0":{"name":"getAllUsuarios","decl":{"start":{"line":3,"column":30},"end":{"line":6,"column":2}},"loc":{"start":{"line":3,"column":30},"end":{"line":6,"column":2}},"line":3},"1":{"name":"getUsuarioById","decl":{"start":{"line":8,"column":30},"end":{"line":11,"column":2}},"loc":{"start":{"line":8,"column":30},"end":{"line":11,"column":2}},"line":8},"2":{"name":"createUsuario","decl":{"start":{"line":13,"column":29},"end":{"line":16,"column":2}},"loc":{"start":{"line":13,"column":29},"end":{"line":16,"column":2}},"line":13},"3":{"name":"updateUsuario","decl":{"start":{"line":18,"column":29},"end":{"line":20,"column":2}},"loc":{"start":{"line":18,"column":29},"end":{"line":20,"column":2}},"line":18},"4":{"name":"deleteUsuario","decl":{"start":{"line":22,"column":29},"end":{"line":24,"column":2}},"loc":{"start":{"line":22,"column":29},"end":{"line":24,"column":2}},"line":22}},"f":{"0":1,"1":1,"2":1,"3":1,"4":1}}
}
