TN:
SF:src/usuario/usuario.services.ts
FN:3,getAllUsuarios
FN:8,getUsuarioById
FN:13,createUsuario
FN:18,updateUsuario
FN:27,deleteUsuario
FNF:5
FNH:5
FNDA:1,getAllUsuarios
FNDA:1,getUsuarioById
FNDA:1,createUsuario
FNDA:1,updateUsuario
FNDA:1,deleteUsuario
DA:1,1
DA:2,1
DA:3,1
DA:4,1
DA:5,1
DA:6,1
DA:7,1
DA:8,1
DA:9,1
DA:10,1
DA:11,1
DA:12,1
DA:13,1
DA:14,1
DA:15,1
DA:16,1
DA:17,1
DA:18,1
DA:19,1
DA:20,1
DA:21,0
DA:22,0
DA:23,1
DA:24,1
DA:25,1
DA:26,1
DA:27,1
DA:28,1
DA:29,1
DA:30,0
DA:31,0
DA:32,1
DA:33,1
LF:33
LH:29
BRDA:3,0,0,1
BRDA:8,1,0,1
BRDA:13,2,0,1
BRDA:18,3,0,1
BRDA:20,4,0,0
BRDA:27,5,0,1
BRDA:29,6,0,0
BRF:7
BRH:5
end_of_record
